RUN	ENT_90_2	ent-90-2	1636571066764	 	3.6.1
USER	2000 users during 5 minutes	START	1636571068712
USER	2000 users during 5 minutes	START	1636571068773
USER	2000 users during 5 minutes	START	1636571068844
USER	2000 users during 5 minutes	START	1636571068917
USER	2000 users during 5 minutes	START	1636571068987
USER	2000 users during 5 minutes	START	1636571069060
USER	2000 users during 5 minutes	START	1636571069131
USER	2000 users during 5 minutes	START	1636571069203
USER	2000 users during 5 minutes	START	1636571069274
USER	2000 users during 5 minutes	START	1636571069345
USER	2000 users during 5 minutes	START	1636571069418
USER	2000 users during 5 minutes	START	1636571069489
USER	2000 users during 5 minutes	START	1636571069561
USER	2000 users during 5 minutes	START	1636571069632
USER	2000 users during 5 minutes	START	1636571069704
USER	2000 users during 5 minutes	START	1636571069780
USER	2000 users during 5 minutes	START	1636571069857
REQUEST		Sign In	1636571068773	1636571069853	OK	 
USER	2000 users during 5 minutes	START	1636571069934
USER	2000 users during 5 minutes	START	1636571070012
USER	2000 users during 5 minutes	START	1636571070089
USER	2000 users during 5 minutes	START	1636571070166
USER	2000 users during 5 minutes	START	1636571070243
USER	2000 users during 5 minutes	START	1636571070321
USER	2000 users during 5 minutes	START	1636571070397
REQUEST		Sign In	1636571068727	1636571070397	OK	 
REQUEST		Sign In	1636571068845	1636571070400	OK	 
USER	2000 users during 5 minutes	START	1636571070474
USER	2000 users during 5 minutes	START	1636571070551
USER	2000 users during 5 minutes	START	1636571070629
USER	2000 users during 5 minutes	START	1636571070705
REQUEST		Sign In	1636571069060	1636571070723	OK	 
REQUEST		Sign In	1636571069131	1636571070731	OK	 
REQUEST		Sign In	1636571068917	1636571070737	OK	 
USER	2000 users during 5 minutes	START	1636571070776
USER	2000 users during 5 minutes	START	1636571070853
USER	2000 users during 5 minutes	START	1636571070930
USER	2000 users during 5 minutes	START	1636571071007
REQUEST		Sign In	1636571069346	1636571071056	OK	 
USER	2000 users during 5 minutes	START	1636571071084
USER	2000 users during 5 minutes	START	1636571071161
USER	2000 users during 5 minutes	START	1636571071238
REQUEST		Sign In	1636571069562	1636571071310	OK	 
USER	2000 users during 5 minutes	START	1636571071315
REQUEST		Create New Engagement	1636571069871	1636571071317	OK	 
USER	2000 users during 5 minutes	END	1636571071320
USER	2000 users during 5 minutes	START	1636571071392
USER	2000 users during 5 minutes	START	1636571071469
REQUEST		Sign In	1636571069858	1636571071502	OK	 
REQUEST		Sign In	1636571069632	1636571071507	OK	 
REQUEST		Sign In	1636571069489	1636571071509	OK	 
USER	2000 users during 5 minutes	START	1636571071547
USER	2000 users during 5 minutes	START	1636571071623
USER	2000 users during 5 minutes	START	1636571071701
USER	2000 users during 5 minutes	START	1636571071771
USER	2000 users during 5 minutes	START	1636571071842
USER	2000 users during 5 minutes	START	1636571071914
USER	2000 users during 5 minutes	START	1636571071985
REQUEST		Create New Engagement	1636571070398	1636571072008	OK	 
USER	2000 users during 5 minutes	END	1636571072011
USER	2000 users during 5 minutes	START	1636571072057
REQUEST		Sign In	1636571069204	1636571072059	OK	 
REQUEST		Create New Engagement	1636571070401	1636571072077	OK	 
USER	2000 users during 5 minutes	END	1636571072079
USER	2000 users during 5 minutes	START	1636571072128
USER	2000 users during 5 minutes	START	1636571072201
REQUEST		Sign In	1636571070012	1636571072266	OK	 
USER	2000 users during 5 minutes	START	1636571072271
REQUEST		Sign In	1636571069274	1636571072287	OK	 
USER	2000 users during 5 minutes	START	1636571072343
USER	2000 users during 5 minutes	START	1636571072415
USER	2000 users during 5 minutes	START	1636571072486
USER	2000 users during 5 minutes	START	1636571072558
REQUEST		Sign In	1636571069935	1636571072579	OK	 
REQUEST		Sign In	1636571070166	1636571072583	OK	 
USER	2000 users during 5 minutes	START	1636571072628
USER	2000 users during 5 minutes	START	1636571072701
REQUEST		Create New Engagement	1636571070724	1636571072770	OK	 
USER	2000 users during 5 minutes	END	1636571072772
REQUEST		Sign In	1636571070243	1636571072773	OK	 
USER	2000 users during 5 minutes	START	1636571072775
REQUEST		Sign In	1636571069418	1636571072783	OK	 
REQUEST		Create New Engagement	1636571070732	1636571072784	OK	 
USER	2000 users during 5 minutes	END	1636571072785
REQUEST		Sign In	1636571069704	1636571072834	OK	 
REQUEST		Sign In	1636571069781	1636571072836	OK	 
REQUEST		Sign In	1636571068988	1636571072843	OK	 
USER	2000 users during 5 minutes	START	1636571072852
USER	2000 users during 5 minutes	START	1636571072929
USER	2000 users during 5 minutes	START	1636571073006
USER	2000 users during 5 minutes	START	1636571073084
USER	2000 users during 5 minutes	START	1636571073160
USER	2000 users during 5 minutes	START	1636571073238
REQUEST		Sign In	1636571070474	1636571073300	OK	 
USER	2000 users during 5 minutes	START	1636571073315
REQUEST		Sign In	1636571070089	1636571073328	OK	 
REQUEST		Create New Engagement	1636571070738	1636571073335	OK	 
USER	2000 users during 5 minutes	END	1636571073336
USER	2000 users during 5 minutes	START	1636571073393
USER	2000 users during 5 minutes	START	1636571073470
REQUEST		Create New Engagement	1636571071510	1636571073542	OK	 
USER	2000 users during 5 minutes	END	1636571073543
USER	2000 users during 5 minutes	START	1636571073546
REQUEST		Sign In	1636571070551	1636571073589	OK	 
REQUEST		Create New Engagement	1636571071503	1636571073599	OK	 
USER	2000 users during 5 minutes	END	1636571073600
USER	2000 users during 5 minutes	START	1636571073623
USER	2000 users during 5 minutes	START	1636571073700
USER	2000 users during 5 minutes	START	1636571073776
REQUEST		Sign In	1636571070629	1636571073786	OK	 
REQUEST		Create New Engagement	1636571071508	1636571073794	OK	 
USER	2000 users during 5 minutes	END	1636571073795
REQUEST		Sign In	1636571071161	1636571073811	OK	 
REQUEST		Sign In	1636571070322	1636571073814	OK	 
REQUEST		Create New Engagement	1636571071056	1636571073834	OK	 
USER	2000 users during 5 minutes	END	1636571073834
USER	2000 users during 5 minutes	START	1636571073852
REQUEST		Sign In	1636571070397	1636571073852	OK	 
USER	2000 users during 5 minutes	START	1636571073931
USER	2000 users during 5 minutes	START	1636571074008
REQUEST		Sign In	1636571070930	1636571074056	OK	 
USER	2000 users during 5 minutes	START	1636571074084
REQUEST		Sign In	1636571070853	1636571074093	OK	 
REQUEST		Create New Engagement	1636571072061	1636571074101	OK	 
REQUEST		Sign In	1636571071084	1636571074102	OK	 
USER	2000 users during 5 minutes	END	1636571074102
USER	2000 users during 5 minutes	START	1636571074162
USER	2000 users during 5 minutes	START	1636571074239
USER	2000 users during 5 minutes	START	1636571074316
REQUEST		Create New Engagement	1636571071311	1636571074357	OK	 
USER	2000 users during 5 minutes	END	1636571074358
USER	2000 users during 5 minutes	START	1636571074393
USER	2000 users during 5 minutes	START	1636571074470
USER	2000 users during 5 minutes	START	1636571074548
REQUEST		Sign In	1636571071470	1636571074622	OK	 
REQUEST		Sign In	1636571070705	1636571074623	OK	 
USER	2000 users during 5 minutes	START	1636571074626
REQUEST		Sign In	1636571071315	1636571074629	OK	 
USER	2000 users during 5 minutes	START	1636571074702
USER	2000 users during 5 minutes	START	1636571074771
USER	2000 users during 5 minutes	START	1636571074842
USER	2000 users during 5 minutes	START	1636571074914
USER	2000 users during 5 minutes	START	1636571074985
REQUEST		Sign In	1636571071238	1636571075056	OK	 
USER	2000 users during 5 minutes	START	1636571075057
REQUEST		Sign In	1636571071623	1636571075058	OK	 
REQUEST		Sign In	1636571071392	1636571075062	OK	 
USER	2000 users during 5 minutes	START	1636571075128
USER	2000 users during 5 minutes	START	1636571075200
USER	2000 users during 5 minutes	START	1636571075271
USER	2000 users during 5 minutes	START	1636571075342
REQUEST		Create New Engagement	1636571072267	1636571075354	OK	 
USER	