RUN	ENT_90_2	ent-90-2	1636515635233	 	3.6.1
USER	2000 users during 5 minutes	START	1636515638207
USER	2000 users during 5 minutes	START	1636515638253
USER	2000 users during 5 minutes	START	1636515638325
USER	2000 users during 5 minutes	START	1636515638399
USER	2000 users during 5 minutes	START	1636515638475
USER	2000 users during 5 minutes	START	1636515638547
USER	2000 users during 5 minutes	START	1636515638620
USER	2000 users during 5 minutes	START	1636515638692
USER	2000 users during 5 minutes	START	1636515638764
USER	2000 users during 5 minutes	START	1636515638833
USER	2000 users during 5 minutes	START	1636515638906
USER	2000 users during 5 minutes	START	1636515638979
USER	2000 users during 5 minutes	START	1636515639048
USER	2000 users during 5 minutes	START	1636515639120
USER	2000 users during 5 minutes	START	1636515639191
USER	2000 users during 5 minutes	START	1636515639268
USER	2000 users during 5 minutes	START	1636515639352
USER	2000 users during 5 minutes	START	1636515639423
USER	2000 users during 5 minutes	START	1636515639500
USER	2000 users during 5 minutes	START	1636515639581
REQUEST		Sign In	1636515638399	1636515639618	OK	 
USER	2000 users during 5 minutes	START	1636515639654
USER	2000 users during 5 minutes	START	1636515639734
USER	2000 users during 5 minutes	START	1636515639808
USER	2000 users during 5 minutes	START	1636515639884
USER	2000 users during 5 minutes	START	1636515639962
USER	2000 users during 5 minutes	START	1636515640039
USER	2000 users during 5 minutes	START	1636515640117
REQUEST		Sign In	1636515638906	1636515640182	OK	 
USER	2000 users during 5 minutes	START	1636515640195
USER	2000 users during 5 minutes	START	1636515640255
USER	2000 users during 5 minutes	START	1636515640334
REQUEST		Sign In	1636515638223	1636515640351	OK	 
USER	2000 users during 5 minutes	START	1636515640414
REQUEST		Sign In	1636515638765	1636515640460	OK	 
USER	2000 users during 5 minutes	START	1636515640488
USER	2000 users during 5 minutes	START	1636515640566
REQUEST		Sign In	1636515638325	1636515640609	OK	 
REQUEST		Sign In	1636515638254	1636515640610	OK	 
USER	2000 users during 5 minutes	START	1636515640643
REQUEST		Sign In	1636515639355	1636515640698	OK	 
USER	2000 users during 5 minutes	START	1636515640721
USER	2000 users during 5 minutes	START	1636515640799
USER	2000 users during 5 minutes	START	1636515640875
USER	2000 users during 5 minutes	START	1636515640951
USER	2000 users during 5 minutes	START	1636515641030
USER	2000 users during 5 minutes	START	1636515641107
USER	2000 users during 5 minutes	START	1636515641184
USER	2000 users during 5 minutes	START	1636515641249
USER	2000 users during 5 minutes	START	1636515641320
REQUEST		Sign In	1636515638547	1636515641357	OK	 
USER	2000 users during 5 minutes	START	1636515641392
USER	2000 users during 5 minutes	START	1636515641465
REQUEST		Sign In	1636515639269	1636515641474	OK	 
USER	2000 users during 5 minutes	START	1636515641535
USER	2000 users during 5 minutes	START	1636515641607
REQUEST		Sign In	1636515638620	1636515641620	OK	 
REQUEST		Sign In	1636515638476	1636515641629	OK	 
USER	2000 users during 5 minutes	START	1636515641679
USER	2000 users during 5 minutes	START	1636515641749
USER	2000 users during 5 minutes	START	1636515641821
REQUEST		Sign In	1636515639192	1636515641893	OK	 
USER	2000 users during 5 minutes	START	1636515641895
REQUEST		Create New Engagement	1636515639651	1636515641912	OK	 
REQUEST		Sign In	1636515638692	1636515641912	OK	 
USER	2000 users during 5 minutes	END	1636515641968
USER	2000 users during 5 minutes	START	1636515641969
REQUEST		Sign In	1636515639049	1636515642004	OK	 
REQUEST		Sign In	1636515639582	1636515642017	OK	 
REQUEST		Sign In	1636515639654	1636515642020	OK	 
REQUEST		Sign In	1636515638834	1636515642026	OK	 
USER	2000 users during 5 minutes	START	1636515642037
USER	2000 users during 5 minutes	START	1636515642109
USER	2000 users during 5 minutes	START	1636515642183
USER	2000 users during 5 minutes	START	1636515642255
REQUEST		Create New Engagement	1636515640613	1636515642320	OK	 
USER	2000 users during 5 minutes	END	1636515642325
USER	2000 users during 5 minutes	START	1636515642332
USER	2000 users during 5 minutes	START	1636515642411
REQUEST		Sign In	1636515639121	1636515642422	OK	 
REQUEST		Sign In	1636515638980	1636515642435	OK	 
USER	2000 users during 5 minutes	START	1636515642487
USER	2000 users during 5 minutes	START	1636515642564
REQUEST		Sign In	1636515639808	1636515642575	OK	 
REQUEST		Create New Engagement	1636515640462	1636515642580	OK	 
USER	2000 users during 5 minutes	END	1636515642583
USER	2000 users during 5 minutes	START	1636515642641
REQUEST		Create New Engagement	1636515640195	1636515642687	OK	 
REQUEST		Sign In	1636515639500	1636515642687	OK	 
USER	2000 users during 5 minutes	END	1636515642695
REQUEST		Sign In	1636515639737	1636515642701	OK	 
USER	2000 users during 5 minutes	START	1636515642718
USER	2000 users during 5 minutes	START	1636515642796
USER	2000 users during 5 minutes	START	1636515642873
USER	2000 users during 5 minutes	START	1636515642950
USER	2000 users during 5 minutes	START	1636515643027
REQUEST		Sign In	1636515640118	1636515643102	OK	 
USER	2000 users during 5 minutes	START	1636515643105
REQUEST		Sign In	1636515639423	1636515643116	OK	 
REQUEST		Create New Engagement	1636515640353	1636515643116	OK	 
USER	2000 users during 5 minutes	END	1636515643125
USER	2000 users during 5 minutes	START	1636515643181
USER	2000 users during 5 minutes	START	1636515643254
USER	2000 users during 5 minutes	START	1636515643334
USER	2000 users during 5 minutes	START	1636515643411
USER	2000 users during 5 minutes	START	1636515643490
USER	2000 users during 5 minutes	START	1636515643565
REQUEST		Sign In	1636515640488	1636515643597	OK	 
REQUEST		Create New Engagement	1636515640701	1636515643597	OK	 
USER	2000 users during 5 minutes	END	1636515643605
REQUEST		Sign In	1636515640724	1636515643615	OK	 
REQUEST		Sign In	1636515640196	1636515643623	OK	 
USER	2000 users during 5 minutes	START	1636515643642
REQUEST		Sign In	1636515640043	1636515643710	OK	 
USER	2000 users during 5 minutes	START	1636515643719
USER	2000 users during 5 minutes	START	1636515643796
USER	2000 users during 5 minutes	START	1636515643873
REQUEST		Sign In	1636515639884	1636515643936	OK	 
USER	2000 users during 5 minutes	START	1636515643950
REQUEST		Create New Engagement	1636515641362	1636515643957	OK	 
REQUEST		Sign In	1636515640645	1636515643957	OK	 
REQUEST		Sign In	1636515640415	1636515643957	OK	 
REQUEST		Sign In	1636515640568	1636515643974	OK	 
REQUEST		Sign In	1636515639962	1636515643974	OK	 
REQUEST		Create New Engagement	1636515641476	1636515643981	OK	 
REQUEST		Create New Engagement	1636515641631	1636515643988	OK	 
USER	2000 users during 5 minutes	END	1636515643991
USER	2000 users during 5 minutes	END	1636515643994
USER	2000 users during 5 minutes	END	1636515643995
USER	2000 users during 5 minutes	START	1636515644028
USER	2000 users during 5 minutes	START	1636515644106
USER	2000 users during 5 minutes	START	1636515644184
USER	2000 users during 5 minutes	START	1636515644252
USER	2000 users during 5 minutes	START	1636515644323
REQUEST		Sign In	1636515640799	1636515644361	OK	 
USER	2000 users during 5 minutes	START	1636515644396
USER	2000 users during 5 minutes	START	1636515644467
USER	2000 users during 5 minutes	START	1636515644540
USER	2000 users during 5 minutes	START	1636515644610
REQUEST		Sign In	1636515640878	1636515644618	OK	 
REQUEST		Sign In	1636515641108	1636515644622	OK	 
REQUEST		Sign In	1636515640954	1636515644627	OK	 
REQUEST		Sign In	1636515641031	1636515644635	OK	 
USER	2000 users during 5 minutes	START	1636515644683
REQUEST		Sign In	1636515641184	1636515644724	OK	 
REQUEST		Sign In	1636515641466	1636515644727	OK	 
REQUEST		Create New Engagement	1636515641895	1636515644741	OK	 
REQUEST		Create New Engagement	1636515640616	1636515644743	OK	 
USER	2000 users during 5 minutes	END	1636515644748
USER	2000 users during 5 minutes	END	1636515644748
USER	2000 users during 5 minutes	START	1636515644753
USER	2000 users during 5 minutes	START	1636515644824
REQUEST		Create New Engagement	1636515641624	1636515644877	OK	 
USER	2000 users during 5 minutes	END	1636515644878
REQUEST		Create New Engagement	1636515642005	1636515644886	OK	 
USER	2000 users during 5 minutes	END	1636515644888
USER	2000 users during 5 minutes	START	1636515644897
USER	2000 users during 5 minutes	START	1636515644968
USER	2000 users during 5 minutes	START	1636515645041
USER	2000 users during 5 minutes	START	1636515645112
USER	2000 users during 5 minutes	START	1636515645185
REQUEST		Create New Engagement	1636515642021	1636515645241	OK	 
USER	2000 users during 5 minutes	END	1636515645245
REQUEST		Sign In	1636515641393	1636515645245	OK	 
USER	2000 users during 5 minutes	START	1636515645255
USER	2000 users during 5 minutes	START	1636515645332
USER	2000 users during 5 minutes	START	1636515645410
USER	2000 users during 5 minutes	START	1636515645488
REQUEST		Create New Engagement	1636515642027	1636515645503	OK	 
USER	2000 users during 5 minutes	END	1636515645507
USER	2000 users during 5 minutes	START	1636515645564
REQUEST		Sign In	1636515641321	1636515645635	OK	 
USER	2000 users during 5 minutes	START	1636515645640
REQUEST		Sign In	1636515641609	1636515645646	OK	 
REQUEST		Sign In	1636515641249	1636515645647	OK	 
REQUEST		Create New Engagement	1636515642018	1636515645651	OK	 
USER	2000 users during 5 minutes	END	1636515645653
REQUEST		Create New Engagement	1636515641914	1636515645679	OK	 
USER	2000 users during 5 minutes	END	1636515645683
USER	2000 users during 5 minutes	START	1636515645718
REQUEST		Sign In	1636515641537	1636515645768	OK	 
REQUEST		Create New Engagement	1636515642424	1636515645774	OK	 
USER	2000 users during 5 minutes	END	1636515645776
REQUEST		Sign In	1636515640336	1636515645777	OK	 
REQUEST		Sign In	1636515641821	1636515645782	OK	 
REQUEST		Sign In	1636515640255	1636515645789	OK	 
USER	2000 users during 5 minutes	START	1636515645795
USER	2000 users during 5 minutes	START	1636515645872
USER	2000 users during 5 minutes	START	1636515645949
USER	2000 users during 5 minutes	START	1636515646030
REQUEST		Create New Engagement	1636515642436	1636515646046	OK	 
USER	2000 users during 5 minutes	END	1636515646051
USER	2000 users during 5 minutes	START	1636515646104
USER	2000 users during 5 minutes	START	1636515646181
USER	2000 users during 5 minutes	START	1636515646255
USER	2000 users during 5 minutes	START	1636515646332
USER	2000 users during 5 minutes	START	1636515646410
REQUEST		Sign In	1636515641751	1636515646412	OK	 
REQUEST		Sign In	1636515641679	1636515646416	OK	 
USER	2000 users during 5 minutes	START	1636515646487
USER	2000 users during 5 minutes	START	1636515646565
USER	2000 users during 5 minutes	START	1636515646641
REQUEST		Create New Engagement	1636515642581	1636515646663	OK	 
REQUEST		Sign In	1636515642038	1636515646663	OK	 
REQUEST		Create New Engagement	1636515642694	1636515646666	OK	 
USER	2000 users during 5 minutes	END	1636515646673
USER	2000 users during 5 minutes	END	1636515646673
REQUEST		Sign In	1636515642109	1636515646676	OK	 
USER	2000 users during 5 minutes	START	1636515646717
USER	2000 users during 5 minutes	START	1636515646797
REQUEST		Sign In	1636515641896	1636515646833	OK	 
REQUEST		Create New Engagement	1636515642704	1636515646833	OK	 
USER	2000 users during 5 minutes	END	1636515646834
REQUEST		Sign In	1636515641970	1636515646843	OK	 
USER	2000 users during 5 minutes	START	1636515646872
USER	2000 users during 5 minutes	START	1636515646949
USER	2000 users during 5 minutes	START	1636515647034
REQUEST		Sign In	1636515642184	1636515647085	OK	 
USER	2000 users during 5 minutes	START	1636515647104
REQUEST		Sign In	1636515642412	1636515647169	OK	 
REQUEST		Create New Engagement	1636515643114	1636515647179	OK	 
USER	2000 users during 5 minutes	END	1636515647182
USER	2000 users during 5 minutes	START	1636515647180
USER	2000 users during 5 minutes	START	1636515647250
USER	2000 users during 5 minutes	START	1636515647321
REQUEST		Sign In	1636515642333	1636515647347	OK	 
USER	2000 users during 5 minutes	START	1636515647394
REQUEST		Sign In	1636515642255	1636515647425	OK	 
USER	2000 users during 5 minutes	START	1636515647467
USER	2000 users during 5 minutes	START	1636515647537
REQUEST		Sign In	1636515642797	1636515647595	OK	 
REQUEST		Sign In	1636515642490	1636515647605	OK	 
USER	2000 users during 5 minutes	START	1636515647608
USER	2000 users during 5 minutes	START	1636515647682
USER	2000 users during 5 minutes	START	1636515647752
USER	2000 users during 5 minutes	START	1636515647823
REQUEST		Create New Engagement	1636515643125	1636515647853	OK	 
USER	2000 users during 5 minutes	END	1636515647856
REQUEST		Create New Engagement	1636515643618	1636515647868	OK	 
USER	2000 users during 5 minutes	END	1636515647869
REQUEST		Create New Engagement	1636515643940	1636515647884	OK	 
USER	2000 users during 5 minutes	END	1636515647887
REQUEST		Create New Engagement	1636515643625	1636515647889	OK	 
USER	2000 users during 5 minutes	END	1636515647892
REQUEST		Sign In	1636515642642	1636515647893	OK	 
USER	2000 users during 5 minutes	START	1636515647893
REQUEST		Create New Engagement	1636515643603	1636515647922	OK	 
USER	2000 users during 5 minutes	END	1636515647925
REQUEST		Sign In	1636515642566	1636515647927	OK	 
USER	2000 users during 5 minutes	START	1636515647963
USER	2000 users during 5 minutes	START	1636515648035
USER	2000 users during 5 minutes	START	1636515648108
REQUEST		Sign In	1636515642873	1636515648125	OK	 
REQUEST		Create New Engagement	1636515643984	1636515648146	OK	 
USER	2000 users during 5 minutes	END	1636515648147
REQUEST		Sign In	1636515642719	1636515648172	OK	 
USER	2000 users during 5 minutes	START	1636515648180
USER	2000 users during 5 minutes	START	1636515648253
USER	2000 users during 5 minutes	START	1636515648331
REQUEST		Create New Engagement	1636515643712	1636515648398	OK	 
USER	2000 users during 5 minutes	END	1636515648400
USER	2000 users during 5 minutes	START	1636515648408
REQUEST		Sign In	1636515643029	1636515648422	OK	 
REQUEST		Sign In	1636515643182	1636515648430	OK	 
USER	2000 users during 5 minutes	START	1636515648485
USER	2000 users during 5 minutes	START	1636515648562
USER	2000 users during 5 minutes	START	1636515648639
REQUEST		Create New Engagement	1636515643968	1636515648702	OK	 
REQUEST		Sign In	1636515643254	1636515648702	OK	 
REQUEST		Create New Engagement	1636515643967	1636515648708	OK	 
USER	2000 users during 5 minutes	END	1636515648712
USER	2000 users during 5 minutes	END	1636515648712
REQUEST		Sign In	1636515643106	1636515648714	OK	 
USER	2000 users during 5 minutes	START	1636515648716
USER	2000 users during 5 minutes	START	1636515648792
USER	2000 users during 5 minutes	START	1636515648871
REQUEST		Sign In	1636515643411	1636515648901	OK	 
REQUEST		Sign In	1636515643566	1636515648901	OK	 
REQUEST		Sign In	1636515643642	1636515648910	OK	 
REQUEST		Create New Engagement	1636515644365	1636515648913	OK	 
USER	2000 users during 5 minutes	END	1636515648919
USER	2000 users during 5 minutes	START	1636515648947
USER	2000 users during 5 minutes	START	1636515649024
USER	2000 users during 5 minutes	START	1636515649102
USER	2000 users during 5 minutes	START	1636515649179
REQUEST		Sign In	1636515642954	1636515649200	OK	 
REQUEST		Create New Engagement	1636515643984	1636515649205	OK	 
USER	2000 users during 5 minutes	END	1636515649209
USER	2000 users during 5 minutes	START	1636515649255
USER	2000 users during 5 minutes	START	1636515649332
USER	2000 users during 5 minutes	START	1636515649409
REQUEST		Sign In	1636515643719	1636515649416	OK	 
REQUEST		Create New Engagement	1636515644621	1636515649429	OK	 
USER	2000 users during 5 minutes	END	1636515649431
REQUEST		Sign In	1636515644028	1636515649462	OK	 
USER	2000 users during 5 minutes	START	1636515649486
USER	2000 users during 5 minutes	START	1636515649563
USER	2000 users during 5 minutes	START	1636515649640
REQUEST		Sign In	1636515643797	1636515649685	OK	 
REQUEST		Sign In	1636515643951	1636515649688	OK	 
REQUEST		Create New Engagement	1636515644625	1636515649691	OK	 
USER	2000 users during 5 minutes	END	1636515649695
REQUEST		Sign In	1636515643334	1636515649706	OK	 
REQUEST		Sign In	1636515643491	1636515649709	OK	 
USER	2000 users during 5 minutes	START	1636515649717
REQUEST		Create New Engagement	1636515644628	1636515649728	OK	 
USER	2000 users during 5 minutes	END	1636515649730
USER	2000 users during 5 minutes	START	1636515649795
USER	2000 users during 5 minutes	START	1636515649871
USER	2000 users during 5 minutes	START	1636515649949
REQUEST		Sign In	1636515643874	1636515649962	OK	 
REQUEST		Create New Engagement	1636515644637	1636515649970	OK	 
USER	2000 users during 5 minutes	END	1636515649973
USER	2000 users during 5 minutes	START	1636515650025
USER	2000 users during 5 minutes	START	1636515650103
USER	2000 users during 5 minutes	START	1636515650180
USER	2000 users during 5 minutes	START	1636515650249
USER	2000 users during 5 minutes	START	1636515650321
USER	2000 users during 5 minutes	START	1636515650393
REQUEST		Create New Engagement	1636515644730	1636515650448	OK	 
USER	2000 users during 5 minutes	END	1636515650449
REQUEST		Sign In	1636515644684	1636515650466	OK	 
USER	2000 users during 5 minutes	START	1636515650463
REQUEST		Sign In	1636515644106	1636515650474	OK	 
REQUEST		Sign In	1636515644398	1636515650495	OK	 
REQUEST		Sign In	1636515644186	1636515650495	OK	 
USER	2000 users during 5 minutes	START	1636515650535
USER	2000 users during 5 minutes	START	1636515650609
USER	2000 users during 5 minutes	START	1636515650679
REQUEST		Sign In	1636515644325	1636515650721	OK	 
REQUEST		Create New Engagement	1636515644730	1636515650721	OK	 
USER	2000 users during 5 minutes	END	1636515650727
REQUEST		Sign In	1636515644253	1636515650730	OK	 
REQUEST		Sign In	1636515644540	1636515650734	OK	 
REQUEST		Create New Engagement	1636515645247	1636515650747	OK	 
USER	2000 users during 5 minutes	END	1636515650750
USER	2000 users during 5 minutes	START	1636515650750
USER	2000 users during 5 minutes	START	1636515650821
USER	2000 users during 5 minutes	START	1636515650894
USER	2000 users during 5 minutes	START	1636515650965
USER	2000 users during 5 minutes	START	1636515651038
USER	2000 users during 5 minutes	START	1636515651108
USER	2000 users during 5 minutes	START	1636515651179
USER	2000 users during 5 minutes	START	1636515651255
USER	2000 users during 5 minutes	START	1636515651333
USER	2000 users during 5 minutes	START	1636515651411
USER	2000 users during 5 minutes	START	1636515651487
REQUEST		Sign In	1636515644469	1636515651524	OK	 
REQUEST		Sign In	1636515645186	1636515651540	OK	 
REQUEST		Sign In	1636515644898	1636515651535	OK	 
REQUEST		Sign In	1636515645042	1636515651540	OK	 
REQUEST		Create New Engagement	1636515645649	1636515651554	OK	 
REQUEST		Create New Engagement	1636515645784	1636515651553	OK	 
USER	2000 users during 5 minutes	END	1636515651560
USER	2000 users during 5 minutes	END	1636515651560
USER	2000 users during 5 minutes	START	1636515651564
USER	2000 users during 5 minutes	START	1636515651641
USER	2000 users during 5 minutes	START	1636515651718
REQUEST		Sign In	1636515645113	1636515651771	OK	 
REQUEST		Sign In	1636515644610	1636515651770	OK	 
REQUEST		Sign In	1636515644754	1636515651777	OK	 
REQUEST		Create New Engagement	1636515645647	1636515651781	OK	 
USER	2000 users during 5 minutes	END	1636515651791
USER	2000 users during 5 minutes	START	1636515651795
REQUEST		Sign In	1636515644824	1636515651797	OK	 
USER	2000 users during 5 minutes	START	1636515651874
USER	2000 users during 5 minutes	START	1636515651950
REQUEST		Create New Engagement	1636515645638	1636515652021	OK	 
USER	2000 users during 5 minutes	END	1636515652023
USER	2000 users during 5 minutes	START	1636515652026
REQUEST		Sign In	1636515644970	1636515652032	OK	 
REQUEST		Sign In	1636515645412	1636515652039	OK	 
USER	2000 users during 5 minutes	START	1636515652103
USER	2000 users during 5 minutes	START	1636515652181
USER	2000 users during 5 minutes	START	1636515652255
USER	2000 users during 5 minutes	START	1636515652331
REQUEST		Create New Engagement	1636515645790	1636515652344	OK	 
USER	2000 users during 5 minutes	END	1636515652346
REQUEST		Sign In	1636515645564	1636515652354	OK	 
REQUEST		Create New Engagement	1636515645771	1636515652354	OK	 
USER	2000 users during 5 minutes	END	1636515652356
REQUEST		Create New Engagement	1636515645778	1636515652369	OK	 
USER	2000 users during 5 minutes	END	1636515652371
USER	2000 users during 5 minutes	START	1636515652409
USER	2000 users during 5 minutes	START	1636515652486
USER	2000 users during 5 minutes	START	1636515652563
USER	2000 users during 5 minutes	START	1636515652641
USER	2000 users during 5 minutes	START	1636515652718
REQUEST		Sign In	1636515645332	1636515652773	OK	 
REQUEST		Sign In	1636515645641	1636515652781	OK	 
USER	2000 users during 5 minutes	START	1636515652794
REQUEST		Sign In	1636515645719	1636515652796	OK	 
REQUEST		Sign In	1636515645255	1636515652858	OK	 
REQUEST		Create New Engagement	1636515646415	1636515652867	OK	 
USER	2000 users during 5 minutes	END	1636515652870
USER	2000 users during 5 minutes	START	1636515652871
USER	2000 users during 5 minutes	START	1636515652948
USER	2000 users during 5 minutes	START	1636515653025
USER	2000 users during 5 minutes	START	1636515653102
REQUEST		Sign In	1636515645489	1636515653131	OK	 
REQUEST		Sign In	1636515645949	1636515653132	OK	 
USER	2000 users during 5 minutes	START	1636515653180
USER	2000 users during 5 minutes	START	1636515653249
USER	2000 users during 5 minutes	START	1636515653320
REQUEST		Sign In	1636515646030	1636515653369	OK	 
REQUEST		Create New Engagement	1636515646665	1636515653386	OK	 
REQUEST		Create New Engagement	1636515646417	1636515653386	OK	 
USER	2000 users during 5 minutes	END	1636515653389
USER	2000 users during 5 minutes	END	1636515653389
USER	2000 users during 5 minutes	START	1636515653390
USER	2000 users during 5 minutes	START	1636515653465
REQUEST		Create New Engagement	1636515646834	1636515653531	OK	 
USER	2000 users during 5 minutes	END	1636515653535
USER	2000 users during 5 minutes	START	1636515653535
REQUEST		Sign In	1636515645795	1636515653537	OK	 
REQUEST		Sign In	1636515646106	1636515653539	OK	 
REQUEST		Sign In	1636515646183	1636515653544	OK	 
USER	2000 users during 5 minutes	START	1636515653606
USER	2000 users during 5 minutes	START	1636515653678
USER	2000 users during 5 minutes	START	1636515653749
REQUEST		Sign In	1636515645872	1636515653800	OK	 
USER	2000 users during 5 minutes	START	1636515653821
REQUEST		Create New Engagement	1636515647087	1636515653879	OK	 
REQUEST		Sign In	1636515646256	1636515653879	OK	 
USER	2000 users during 5 minutes	END	1636515653887
USER	2000 users during 5 minutes	START	1636515653893
REQUEST		Create New Engagement	1636515646681	1636515653930	OK	 
USER	2000 users during 5 minutes	END	1636515653933
USER	2000 users during 5 minutes	START	1636515653964
USER	2000 users during 5 minutes	START	1636515654034
USER	2000 users during 5 minutes	START	1636515654107
REQUEST		Sign In	1636515646410	1636515654154	OK	 
REQUEST		Sign In	1636515646332	1636515654156	OK	 
USER	2000 users during 5 minutes	START	1636515654178
USER	2000 users during 5 minutes	START	1636515654254
USER	2000 users during 5 minutes	START	1636515654332
REQUEST		Create New Engagement	1636515647175	1636515654394	OK	 
USER	2000 users during 5 minutes	END	1636515654398
USER	2000 users during 5 minutes	START	1636515654408
USER	2000 users during 5 minutes	START	1636515654485
REQUEST		Sign In	1636515646566	1636515654541	OK	 
REQUEST		Sign In	1636515646487	1636515654552	OK	 
REQUEST		Sign In	1636515646717	1636515654553	OK	 
REQUEST		Sign In	1636515646797	1636515654555	OK	 
REQUEST		Create New Engagement	1636515646844	1636515654558	OK	 
USER	2000 users during 5 minutes	END	1636515654560
USER	2000 users during 5 minutes	START	1636515654562
USER	2000 users during 5 minutes	START	1636515654639
REQUEST		Create New Engagement	1636515647430	1636515654671	OK	 
USER	2000 users during 5 minutes	END	1636515654673
REQUEST		Sign In	1636515647252	1636515654678	OK	 
USER	2000 users during 5 minutes	START	1636515654716
USER	2000 users during 5 minutes	START	1636515654794
USER	2000 users during 5 minutes	START	1636515654871
REQUEST		Create New Engagement	1636515647597	1636515654917	OK	 
USER	2000 users during 5 minutes	END	1636515654920
REQUEST		Sign In	1636515647322	1636515654937	OK	 
USER	2000 users during 5 minutes	START	1636515654948
USER	2000 users during 5 minutes	START	1636515655025
REQUEST		Create New Engagement	1636515647349	1636515655056	OK	 
USER	2000 users during 5 minutes	END	1636515655060
REQUEST		Sign In	1636515646872	1636515655061	OK	 
USER	2000 users during 5 minutes	START	1636515655102
USER	2000 users during 5 minutes	START	1636515655179
REQUEST		Sign In	1636515646643	1636515655183	OK	 
USER	2000 users during 5 minutes	START	1636515655256
REQUEST		Create New Engagement	1636515647930	1636515655329	OK	 
REQUEST		Create New Engagement	1636515647611	1636515655331	OK	 
USER	2000 users during 5 minutes	END	1636515655332
USER	2000 users during 5 minutes	END	1636515655332
USER	2000 users during 5 minutes	START	1636515655335
REQUEST		Sign In	1636515646953	1636515655346	OK	 
REQUEST		Sign In	1636515647105	1636515655349	OK	 
USER	2000 users during 5 minutes	START	1636515655412
REQUEST		Sign In	1636515647824	1636515655432	OK	 
USER	2000 users during 5 minutes	START	1636515655489
USER	2000 users during 5 minutes	START	1636515655567
REQUEST		Create New Engagement	1636515647894	1636515655616	OK	 
USER	2000 users during 5 minutes	END	1636515655619
USER	2000 users during 5 minutes	START	1636515655643
USER	2000 users during 5 minutes	START	1636515655722
USER	2000 users during 5 minutes	START	1636515655798
USER	2000 users during 5 minutes	START	1636515655875
REQUEST		Sign In	1636515647468	1636515655936	OK	 
REQUEST		Create New Engagement	1636515648174	1636515655937	OK	 
USER	2000 users during 5 minutes	END	1636515655945
REQUEST		Sign In	1636515647753	1636515655944	OK	 
USER	2000 users during 5 minutes	START	1636515655953
USER	2000 users during 5 minutes	START	1636515656033
USER	2000 users during 5 minutes	START	1636515656107
REQUEST		Create New Engagement	1636515648130	1636515656117	OK	 
USER	2000 users during 5 minutes	END	1636515656120
REQUEST		Sign In	1636515647395	1636515656130	OK	 
USER	2000 users during 5 minutes	START	1636515656184
REQUEST		Sign In	1636515647035	1636515656191	OK	 
USER	2000 users during 5 minutes	START	1636515656251
USER	2000 users during 5 minutes	START	1636515656322
USER	2000 users during 5 minutes	START	1636515656395
REQUEST		Sign In	1636515647682	1636515656399	OK	 
REQUEST		Sign In	1636515647610	1636515656399	OK	 
REQUEST		Create New Engagement	1636515648434	1636515656412	OK	 
USER	2000 users during 5 minutes	END	1636515656425
REQUEST		Create New Engagement	1636515648715	1636515656424	OK	 
USER	2000 users during 5 minutes	END	1636515656433
USER	2000 users during 5 minutes	START	1636515656465
USER	2000 users during 5 minutes	START	1636515656537
USER	2000 users during 5 minutes	START	1636515656609
USER	2000 users during 5 minutes	START	1636515656682
REQUEST		Sign In	1636515647538	1636515656685	OK	 
REQUEST		Sign In	1636515647184	1636515656688	OK	 
USER	2000 users during 5 minutes	START	1636515656752
USER	2000 users during 5 minutes	START	1636515656822
USER	2000 users during 5 minutes	START	1636515656896
REQUEST		Sign In	1636515648180	1636515656907	OK	 
USER	2000 users during 5 minutes	START	1636515656968
USER	2000 users during 5 minutes	START	1636515657039
USER	2000 users during 5 minutes	START	1636515657111
REQUEST		Create New Engagement	1636515648710	1636515657147	OK	 
USER	2000 users during 5 minutes	END	1636515657152
REQUEST		Sign In	1636515648332	1636515657156	OK	 
USER	2000 users during 5 minutes	START	1636515657184
REQUEST		Create New Engagement	1636515648423	1636515657191	OK	 
USER	2000 users during 5 minutes	END	1636515657192
REQUEST		Sign In	1636515647894	1636515657198	OK	 
USER	2000 users during 5 minutes	START	1636515657261
USER	2000 users during 5 minutes	START	1636515657336
USER	2000 users during 5 minutes	START	1636515657412
REQUEST		Create New Engagement	1636515649202	1636515657425	OK	 
USER	2000 users during 5 minutes	END	1636515657429
REQUEST		Sign In	1636515648038	1636515657452	OK	 
REQUEST		Sign In	1636515648109	1636515657459	OK	 
REQUEST		Create New Engagement	1636515648915	1636515657464	OK	 
USER	2000 users during 5 minutes	END	1636515657465
REQUEST		Sign In	1636515648254	1636515657465	OK	 
USER	2000 users during 5 minutes	START	1636515657488
USER	2000 users during 5 minutes	START	1636515657565
USER	2000 users during 5 minutes	START	1636515657642
REQUEST		Sign In	1636515648716	1636515657680	OK	 
REQUEST		Sign In	1636515648563	1636515657688	OK	 
REQUEST		Create New Engagement	1636515648912	1636515657689	OK	 
USER	2000 users during 5 minutes	END	1636515657692
REQUEST		Sign In	1636515648486	1636515657710	OK	 
USER	2000 users during 5 minutes	START	1636515657719
USER	2000 users during 5 minutes	START	1636515657796
USER	2000 users during 5 minutes	START	1636515657873
REQUEST		Sign In	1636515647964	1636515657948	OK	 
USER	2000 users during 5 minutes	START	1636515657950
USER	2000 users during 5 minutes	START	1636515658028
USER	2000 users during 5 minutes	START	1636515658104
REQUEST		Create New Engagement	1636515649419	1636515658180	OK	 
USER	2000 users during 5 minutes	START	1636515658181
USER	2000 users during 5 minutes	END	1636515658183
REQUEST		Create New Engagement	1636515648912	1636515658236	OK	 
USER	2000 users during 5 minutes	END	1636515658242
REQUEST		Sign In	1636515648793	1636515658245	OK	 
REQUEST		Create New Engagement	1636515649689	1636515658248	OK	 
USER	2000 users during 5 minutes	END	1636515658249
USER	2000 users during 5 minutes	START	1636515658254
REQUEST		Create New Engagement	1636515649463	1636515658257	OK	 
USER	2000 users during 5 minutes	END	1636515658258
REQUEST		Create New Engagement	1636515649709	1636515658260	OK	 
REQUEST		Sign In	1636515648640	1636515658260	OK	 
USER	2000 users during 5 minutes	END	1636515658261
REQUEST		Sign In	1636515648872	1636515658266	OK	 
USER	2000 users during 5 minutes	START	1636515658331
USER	2000 users during 5 minutes	START	1636515658409
REQUEST		Sign In	1636515648409	1636515658449	OK	 
REQUEST		Sign In	1636515649025	1636515658463	OK	 
REQUEST		Sign In	1636515648948	1636515658463	OK	 
USER	2000 users during 5 minutes	START	1636515658486
USER	2000 users during 5 minutes	START	1636515658563
USER	2000 users during 5 minutes	START	1636515658640
REQUEST		Create New Engagement	1636515649708	1636515658692	OK	 
USER	2000 users during 5 minutes	END	1636515658694
REQUEST		Sign In	1636515649103	1636515658694	OK	 
USER	2000 users during 5 minutes	START	1636515658717
USER	2000 users during 5 minutes	START	1636515658795
USER	2000 users during 5 minutes	START	1636515658871
USER	2000 users during 5 minutes	START	1636515658948
USER	2000 users during 5 minutes	START	1636515659025
USER	2000 users during 5 minutes	START	1636515659102
USER	2000 users during 5 minutes	START	1636515659180
USER	2000 users during 5 minutes	START	1636515659249
REQUEST		Create New Engagement	1636515649689	1636515659257	OK	 
USER	2000 users during 5 minutes	END	1636515659260
REQUEST		Create New Engagement	1636515650475	1636515659267	OK	 
USER	2000 users during 5 minutes	END	1636515659270
REQUEST		Sign In	1636515649487	1636515659271	OK	 
REQUEST		Sign In	1636515649717	1636515659277	OK	 
REQUEST		Sign In	1636515649180	1636515659288	OK	 
USER	2000 users during 5 minutes	START	1636515659320
USER	2000 users during 5 minutes	START	1636515659392
USER	2000 users during 5 minutes	START	1636515659464
REQUEST		Sign In	1636515649334	1636515659479	OK	 
REQUEST		Sign In	1636515649256	1636515659479	OK	 
REQUEST		Create New Engagement	1636515650467	1636515659537	OK	 
USER	2000 users during 5 minutes	START	1636515659537
REQUEST		Sign In	1636515649412	1636515659538	OK	 
USER	2000 users during 5 minutes	END	1636515659540
REQUEST		Create New Engagement	1636515650497	1636515659567	OK	 
REQUEST		Create New Engagement	1636515650497	1636515659568	OK	 
USER	2000 users during 5 minutes	END	1636515659570
USER	2000 users during 5 minutes	END	1636515659570
USER	2000 users during 5 minutes	START	1636515659607
USER	2000 users during 5 minutes	START	1636515659678
REQUEST		Sign In	1636515649795	1636515659724	OK	 
REQUEST		Create New Engagement	1636515649964	1636515659726	OK	 
USER	2000 users during 5 minutes	END	1636515659729
USER	2000 users during 5 minutes	START	1636515659749
USER	2000 users during 5 minutes	START	1636515659821
USER	2000 users during 5 minutes	START	1636515659893
USER	2000 users during 5 minutes	START	1636515659964
USER	2000 users during 5 minutes	START	1636515660037
USER	2000 users during 5 minutes	START	1636515660107
USER	2000 users during 5 minutes	START	1636515660179
USER	2000 users during 5 minutes	START	1636515660254
USER	2000 users during 5 minutes	START	1636515660331
USER	2000 users during 5 minutes	START	1636515660408
REQUEST		Sign In	1636515649872	1636515660478	OK	 
USER	2000 users during 5 minutes	START	1636515660485
REQUEST		Sign In	1636515649564	1636515660495	OK	 
REQUEST		Sign In	1636515649641	1636515660496	OK	 
REQUEST		Create New Engagement	1636515650725	1636515660499	OK	 
USER	2000 users during 5 minutes	END	1636515660500
REQUEST		Sign In	1636515649950	1636515660501	OK	 
REQUEST		Sign In	1636515650028	1636515660503	OK	 
REQUEST		Sign In	1636515650105	1636515660535	OK	 
REQUEST		Sign In	1636515650182	1636515660539	OK	 
USER	2000 users during 5 minutes	START	1636515660562
USER	2000 users during 5 minutes	START	1636515660642
USER	2000 users during 5 minutes	START	1636515660717
USER	2000 users during 5 minutes	START	1636515660794
USER	2000 users during 5 minutes	START	1636515660871
USER	2000 users during 5 minutes	START	1636515660948
USER	2000 users during 5 minutes	START	1636515661025
REQUEST		Sign In	1636515650395	1636515661029	OK	 
REQUEST		Sign In	1636515650909	1636515661031	OK	 
REQUEST		Sign In	1636515650540	1636515661050	OK	 
REQUEST		Sign In	1636515650679	1636515661051	OK	 
REQUEST		Sign In	1636515650610	1636515661062	OK	 
USER	2000 users during 5 minutes	START	1636515661103
USER	2000 users during 5 minutes	START	1636515661179
USER	2000 users during 5 minutes	START	1636515661254
REQUEST		Create New Engagement	1636515650733	1636515661300	OK	 
USER	2000 users during 5 minutes	END	1636515661305
REQUEST		Create New Engagement	1636515650734	1636515661306	OK	 
USER	2000 users during 5 minutes	END	1636515661309
USER	2000 users during 5 minutes	START	1636515661332
USER	2000 users during 5 minutes	START	1636515661408
USER	2000 users during 5 minutes	START	1636515661485
USER	2000 users during 5 minutes	START	1636515661562
REQUEST		Sign In	1636515650751	1636515661570	OK	 
REQUEST		Sign In	1636515650322	1636515661570	OK	 
REQUEST		Create New Engagement	1636515651549	1636515661572	OK	 
REQUEST		Create New Engagement	1636515651773	1636515661581	OK	 
USER	2000 users during 5 minutes	END	1636515661586
USER	2000 users during 5 minutes	END	1636515661588
REQUEST		Create New Engagement	1636515651555	1636515661596	OK	 
REQUEST		Create New Engagement	1636515651778	1636515661596	OK	 
REQUEST		Create New Engagement	1636515651773	1636515661597	OK	 
REQUEST		Sign In	1636515650969	1636515661597	OK	 
USER	2000 users during 5 minutes	END	1636515661618
USER	2000 users during 5 minutes	END	1636515661618
USER	2000 users during 5 minutes	END	1636515661620
REQUEST		Sign In	1636515650466	1636515661606	OK	 
REQUEST		Create New Engagement	1636515651555	1636515661598	OK	 
USER	2000 users during 5 minutes	END	1636515661625
USER	2000 users during 5 minutes	START	1636515661639
USER	2000 users during 5 minutes	START	1636515661716
USER	2000 users during 5 minutes	START	1636515661794
REQUEST		Create New Engagement	1636515651556	1636515661870	OK	 
USER	2000 users during 5 minutes	END	1636515661876
USER	2000 users during 5 minutes	START	1636515661877
USER	2000 users during 5 minutes	START	1636515661948
USER	2000 users during 5 minutes	START	1636515662025
USER	2000 users during 5 minutes	START	1636515662102
REQUEST		Sign In	1636515651108	1636515662133	OK	 
REQUEST		Sign In	1636515650249	1636515662135	OK	 
USER	2000 users during 5 minutes	START	1636515662179
USER	2000 users during 5 minutes	START	1636515662249
USER	2000 users during 5 minutes	START	1636515662319
USER	2000 users during 5 minutes	START	1636515662392
REQUEST		Sign In	1636515650823	1636515662406	OK	 
REQUEST		Create New Engagement	1636515651798	1636515662448	OK	 
USER	2000 users during 5 minutes	END	1636515662451
USER	2000 users during 5 minutes	START	1636515662465
USER	2000 users during 5 minutes	START	1636515662535
USER	2000 users during 5 minutes	START	1636515662606
REQUEST		Sign In	1636515651180	1636515662651	OK	 
REQUEST		Sign In	1636515651333	1636515662659	OK	 
REQUEST		Create New Engagement	1636515652039	1636515662663	OK	 
USER	2000 users during 5 minutes	END	1636515662664
USER	2000 users during 5 minutes	START	1636515662708
USER	2000 users during 5 minutes	START	1636515662749
USER	2000 users during 5 minutes	START	1636515662820
USER	2000 users during 5 minutes	START	1636515662893
REQUEST		Sign In	1636515651489	1636515662906	OK	 
REQUEST		Create New Engagement	1636515652355	1636515662906	OK	 
USER	2000 users during 5 minutes	END	1636515662917
REQUEST		Sign In	1636515651719	1636515662931	OK	 
USER	2000 users during 5 minutes	START	1636515662963
REQUEST		Sign In	1636515651255	1636515662973	OK	 
REQUEST		Create New Engagement	1636515652033	1636515662985	OK	 
USER	2000 users during 5 minutes	END	1636515662986
REQUEST		Sign In	1636515651412	1636515662995	OK	 
USER	2000 users during 5 minutes	START	1636515663036
USER	2000 users during 5 minutes	START	1636515663107
REQUEST		Create New Engagement	1636515652776	1636515663169	OK	 
USER	2000 users during 5 minutes	END	1636515663170
USER	2000 users during 5 minutes	START	1636515663178
REQUEST		Sign In	1636515651564	1636515663248	OK	 
USER	2000 users during 5 minutes	START	1636515663254
USER	2000 users during 5 minutes	START	1636515663331
USER	2000 users during 5 minutes	START	1636515663408
USER	2000 users during 5 minutes	START	1636515663486
USER	2000 users during 5 minutes	START	1636515663562
USER	2000 users during 5 minutes	START	1636515663641
REQUEST		Sign In	1636515652488	1636515663668	OK	 
REQUEST		Sign In	1636515652028	1636515663671	OK	 
USER	2000 users during 5 minutes	START	1636515663716
USER	2000 users during 5 minutes	START	1636515663794
USER	2000 users during 5 minutes	START	1636515663871
REQUEST		Sign In	1636515651039	1636515663933	OK	 
REQUEST		Create New Engagement	1636515652859	1636515663943	OK	 
USER	2000 users during 5 minutes	END	1636515663946
USER	2000 users during 5 minutes	START	1636515663948
REQUEST		Sign In	1636515652332	1636515663949	OK	 
REQUEST		Create New Engagement	1636515653134	1636515663959	OK	 
USER	2000 users during 5 minutes	END	1636515663960
REQUEST		Sign In	1636515651796	1636515663998	OK	 
REQUEST		Sign In	1636515652104	1636515664000	OK	 
REQUEST		Sign In	1636515651641	1636515664008	OK	 
REQUEST		Sign In	1636515651951	1636515664028	OK	 
USER	2000 users during 5 minutes	START	1636515664025
USER	2000 users during 5 minutes	START	1636515664102
USER	2000 users during 5 minutes	START	1636515664179
REQUEST		Create New Engagement	1636515652782	1636515664202	OK	 
USER	2000 users during 5 minutes	END	1636515664203
USER	2000 users during 5 minutes	START	1636515664254
REQUEST		Sign In	1636515651875	1636515664270	OK	 
USER	2000 users during 5 minutes	START	1636515664332
USER	2000 users during 5 minutes	START	1636515664409
REQUEST		Sign In	1636515652564	1636515664463	OK	 
REQUEST		Sign In	1636515652794	1636515664469	OK	 
REQUEST		Create New Engagement	1636515653540	1636515664469	OK	 
USER	2000 users during 5 minutes	END	1636515664472
REQUEST		Create New Engagement	1636515653538	1636515664475	OK	 
USER	2000 users during 5 minutes	END	1636515664476
USER	2000 users during 5 minutes	START	1636515664486
USER	2000 users during 5 minutes	START	1636515664563
USER	2000 users during 5 minutes	START	1636515664641
USER	2000 users during 5 minutes	START	1636515664718
REQUEST		Create New Engagement	1636515653889	1636515664765	OK	 
REQUEST		Create New Engagement	1636515653802	1636515664765	OK	 
REQUEST		Create New Engagement	1636515653371	1636515664766	OK	 
USER	2000 users during 5 minutes	END	1636515664767
USER	2000 users during 5 minutes	END	1636515664767
USER	2000 users during 5 minutes	END	1636515664769
USER	