RUN	ScenarioLimit_92	scenariolimit-92	1636604976548	 	3.6.1
USER	Users signin in and creating a new engagement	START	1636604978433
USER	Users signin in and creating a new engagement	START	1636604978523
USER	Users signin in and creating a new engagement	START	1636604978623
USER	Users signin in and creating a new engagement	START	1636604978725
USER	Users signin in and creating a new engagement	START	1636604978834
USER	Users signin in and creating a new engagement	START	1636604978926
USER	Users signin in and creating a new engagement	START	1636604979031
USER	Users signin in and creating a new engagement	START	1636604979131
USER	Users signin in and creating a new engagement	START	1636604979232
USER	Users signin in and creating a new engagement	START	1636604979331
USER	Users signin in and creating a new engagement	START	1636604979432
USER	Users signin in and creating a new engagement	START	1636604979532
USER	Users signin in and creating a new engagement	START	1636604979632
USER	Users signin in and creating a new engagement	START	1636604979732
USER	Users signin in and creating a new engagement	START	1636604979832
USER	Users signin in and creating a new engagement	START	1636604979933
USER	Users signin in and creating a new engagement	START	1636604980033
USER	Users signin in and creating a new engagement	START	1636604980134
USER	Users signin in and creating a new engagement	START	1636604980235
REQUEST		Sign In	1636604978523	1636604980258	OK	 
REQUEST		Sign In	1636604978449	1636604980250	OK	 
USER	Users signin in and creating a new engagement	START	1636604980352
USER	Users signin in and creating a new engagement	START	1636604980432
REQUEST		Sign In	1636604978624	1636604980487	OK	 
REQUEST		Sign In	1636604978926	1636604980487	OK	 
USER	Users signin in and creating a new engagement	START	1636604980519
USER	Users signin in and creating a new engagement	START	1636604980619
USER	Users signin in and creating a new engagement	START	1636604980721
USER	Users signin in and creating a new engagement	START	1636604980820
USER	Users signin in and creating a new engagement	START	1636604980921
REQUEST		Sign In	1636604978726	1636604980969	OK	 
REQUEST		Sign In	1636604979332	1636604980991	OK	 
REQUEST		Sign In	1636604979234	1636604980991	OK	 
REQUEST		Sign In	1636604978835	1636604981001	OK	 
USER	Users signin in and creating a new engagement	START	1636604981020
USER	Users signin in and creating a new engagement	START	1636604981121
REQUEST		Sign In	1636604979131	1636604981218	OK	 
USER	Users signin in and creating a new engagement	START	1636604981221
REQUEST		Sign In	1636604979033	1636604981252	OK	 
REQUEST		Create New Engagement	1636604980996	1636604981281	OK	 
REQUEST		Sign In	1636604979532	1636604981281	OK	 
USER	Users signin in and creating a new engagement	END	1636604981295
USER	Users signin in and creating a new engagement	START	1636604981320
USER	Users signin in and creating a new engagement	START	1636604981422
REQUEST		Sign In	1636604979433	1636604981478	OK	 
REQUEST		Create New Engagement	1636604980385	1636604981502	OK	 
USER	Users signin in and creating a new engagement	END	1636604981503
USER	Users signin in and creating a new engagement	START	1636604981518
USER	Users signin in and creating a new engagement	START	1636604981623
USER	Users signin in and creating a new engagement	START	1636604981724
REQUEST		Create New Engagement	1636604980385	1636604981728	OK	 
USER	Users signin in and creating a new engagement	END	1636604981730
REQUEST		Sign In	1636604979934	1636604981735	OK	 
REQUEST		Create New Engagement	1636604980490	1636604981747	OK	 
REQUEST		Sign In	1636604979832	1636604981747	OK	 
USER	Users signin in and creating a new engagement	END	1636604981754
REQUEST		Sign In	1636604979732	1636604981757	OK	 
REQUEST		Create New Engagement	1636604980490	1636604981774	OK	 
USER	Users signin in and creating a new engagement	END	1636604981780
USER	Users signin in and creating a new engagement	START	1636604981821
USER	Users signin in and creating a new engagement	START	1636604981922
USER	Users signin in and creating a new engagement	START	1636604982023
REQUEST		Create New Engagement	1636604981221	1636604982055	OK	 
REQUEST		Create New Engagement	1636604980996	1636604982055	OK	 
REQUEST		Sign In	1636604980034	1636604982055	OK	 
REQUEST		Sign In	1636604980433	1636604982055	OK	 
REQUEST		Sign In	1636604979633	1636604982055	OK	 
USER	Users signin in and creating a new engagement	END	1636604982065
USER	Users signin in and creating a new engagement	END	1636604982065
USER	Users signin in and creating a new engagement	START	1636604982122
USER	Users signin in and creating a new engagement	START	1636604982224
USER	Users signin in and creating a new engagement	START	1636604982323
REQUEST		Sign In	1636604980236	1636604982327	OK	 
REQUEST		Create New Engagement	1636604981255	1636604982335	OK	 
REQUEST		Create New Engagement	1636604981005	1636604982335	OK	 
USER	Users signin in and creating a new engagement	END	1636604982340
USER	Users signin in and creating a new engagement	END	1636604982341
REQUEST		Create New Engagement	1636604980971	1636604982350	OK	 
USER	Users signin in and creating a new engagement	END	1636604982355
USER	Users signin in and creating a new engagement	START	1636604982422
USER	Users signin in and creating a new engagement	START	1636604982521
USER	Users signin in and creating a new engagement	START	1636604982622
USER	Users signin in and creating a new engagement	START	1636604982723
REQUEST		Create New Engagement	1636604981481	1636604982792	OK	 
REQUEST		Create New Engagement	1636604981750	1636604982802	OK	 
REQUEST		Sign In	1636604980923	1636604982802	OK	 
USER	Users signin in and creating a new engagement	END	1636604982806
USER	Users signin in and creating a new engagement	END	1636604982809
REQUEST		Sign In	1636604980520	1636604982813	OK	 
REQUEST		Sign In	1636604980822	1636604982813	OK	 
REQUEST		Sign In	1636604980135	1636604982819	OK	 
USER	Users signin in and creating a new engagement	START	1636604982823
USER	Users signin in and creating a new engagement	START	1636604982922
USER	Users signin in and creating a new engagement	START	1636604983022
REQUEST		Sign In	1636604981122	1636604983073	OK	 
REQUEST		Create New Engagement	1636604981758	1636604983089	OK	 
REQUEST		Create New Engagement	1636604981287	1636604983091	OK	 
USER	Users signin in and creating a new engagement	END	1636604983093
USER	Users signin in and creating a new engagement	END	1636604983093
USER	Users signin in and creating a new engagement	START	1636604983122
USER	Users signin in and creating a new engagement	START	1636604983222
USER	Users signin in and creating a new engagement	START	1636604983322
REQUEST		Sign In	1636604980722	1636604983338	OK	 
USER	Users signin in and creating a new engagement	START	1636604983422
USER	Users signin in and creating a new engagement	START	1636604983519
REQUEST		Create New Engagement	1636604981740	1636604983536	OK	 
USER	Users signin in and creating a new engagement	END	1636604983542
REQUEST		Sign In	1636604980365	1636604983544	OK	 
REQUEST		Sign In	1636604980621	1636604983600	OK	 
REQUEST		Sign In	1636604981222	1636604983602	OK	 
USER	Users signin in and creating a new engagement	START	1636604983620
USER	Users signin in and creating a new engagement	START	1636604983720
REQUEST		Sign In	1636604981822	1636604983821	OK	 
REQUEST		Sign In	1636604981021	1636604983821	OK	 
REQUEST		Sign In	1636604981321	1636604983836	OK	 
REQUEST		Sign In	1636604981519	1636604983827	OK	 
REQUEST		Create New Engagement	1636604982071	1636604983822	OK	 
REQUEST		Create New Engagement	1636604982069	1636604983822	OK	 
USER	Users signin in and creating a new engagement	START	1636604983827
USER	Users signin in and creating a new engagement	END	1636604983849
USER	Users signin in and creating a new engagement	END	1636604983853
REQUEST		Create New Engagement	1636604982334	1636604983854	OK	 
USER	Users signin in and creating a new engagement	END	1636604983858
USER	Users signin in and creating a new engagement	START	1636604983920
USER	