RUN	ScenarioLimit_92	scenariolimit-92	1636604956882	 	3.6.1
USER	Users signin in and creating a new engagement	START	1636604959637
USER	Users signin in and creating a new engagement	START	1636604959721
USER	Users signin in and creating a new engagement	START	1636604959822
USER	Users signin in and creating a new engagement	START	1636604959925
USER	Users signin in and creating a new engagement	START	1636604960036
USER	Users signin in and creating a new engagement	START	1636604960128
USER	Users signin in and creating a new engagement	START	1636604960232
USER	Users signin in and creating a new engagement	START	1636604960333
USER	Users signin in and creating a new engagement	START	1636604960432
USER	Users signin in and creating a new engagement	START	1636604960533
USER	Users signin in and creating a new engagement	START	1636604960634
USER	Users signin in and creating a new engagement	START	1636604960734
USER	Users signin in and creating a new engagement	START	1636604960833
REQUEST		Sign In	1636604959654	1636604960812	OK	 
USER	Users signin in and creating a new engagement	START	1636604960933
REQUEST		Sign In	1636604959721	1636604960984	OK	 
USER	Users signin in and creating a new engagement	START	1636604961033
USER	Users signin in and creating a new engagement	START	1636604961133
USER	Users signin in and creating a new engagement	START	1636604961245
USER	Users signin in and creating a new engagement	START	1636604961336
REQUEST		Sign In	1636604959926	1636604961354	OK	 
REQUEST		Sign In	1636604960129	1636604961362	OK	 
USER	Users signin in and creating a new engagement	START	1636604961434
USER	Users signin in and creating a new engagement	START	1636604961534
USER	Users signin in and creating a new engagement	START	1636604961635
REQUEST		Sign In	1636604960235	1636604961715	OK	 
USER	Users signin in and creating a new engagement	START	1636604961717
REQUEST		Sign In	1636604960038	1636604961742	OK	 
USER	Users signin in and creating a new engagement	START	1636604961820
REQUEST		Sign In	1636604960535	1636604961884	OK	 
REQUEST		Sign In	1636604960736	1636604961890	OK	 
USER	Users signin in and creating a new engagement	START	1636604961920
REQUEST		Create New Engagement	1636604960985	1636604962007	OK	 
USER	Users signin in and creating a new engagement	START	1636604962022
USER	Users signin in and creating a new engagement	END	1636604962056
USER	Users signin in and creating a new engagement	START	1636604962120
USER	Users signin in and creating a new engagement	START	1636604962221
REQUEST		Create New Engagement	1636604961357	1636604962227	OK	 
USER	Users signin in and creating a new engagement	END	1636604962229
REQUEST		Sign In	1636604959822	1636604962250	OK	 
USER	Users signin in and creating a new engagement	START	1636604962321
USER	Users signin in and creating a new engagement	START	1636604962421
REQUEST		Create New Engagement	1636604960848	1636604962448	OK	 
USER	Users signin in and creating a new engagement	END	1636604962451
REQUEST		Sign In	1636604960934	1636604962462	OK	 
REQUEST		Create New Engagement	1636604961890	1636604962474	OK	 
USER	Users signin in and creating a new engagement	END	1636604962475
REQUEST		Create New Engagement	1636604961743	1636604962478	OK	 
REQUEST		Sign In	1636604961034	1636604962479	OK	 
USER	Users signin in and creating a new engagement	END	1636604962479
USER	Users signin in and creating a new engagement	START	1636604962520
USER	Users signin in and creating a new engagement	START	1636604962621
USER	Users signin in and creating a new engagement	START	1636604962718
REQUEST		Create New Engagement	1636604961363	1636604962721	OK	 
USER	Users signin in and creating a new engagement	END	1636604962724
REQUEST		Sign In	1636604960636	1636604962729	OK	 
REQUEST		Create New Engagement	1636604962252	1636604962733	OK	 
USER	Users signin in and creating a new engagement	END	1636604962737
USER	Users signin in and creating a new engagement	START	1636604962819
USER	Users signin in and creating a new engagement	START	1636604962918
USER	Users signin in and creating a new engagement	START	1636604963018
USER	Users signin in and creating a new engagement	START	1636604963119
USER	Users signin in and creating a new engagement	START	1636604963217
REQUEST		Create New Engagement	1636604961717	1636604963234	OK	 
REQUEST		Sign In	1636604961134	1636604963235	OK	 
USER	Users signin in and creating a new engagement	END	1636604963236
REQUEST		Sign In	1636604961337	1636604963254	OK	 
REQUEST		Create New Engagement	1636604962480	1636604963255	OK	 
USER	Users signin in and creating a new engagement	END	1636604963260
REQUEST		Sign In	1636604961435	1636604963260	OK	 
REQUEST		Sign In	1636604960433	1636604963260	OK	 
USER	Users signin in and creating a new engagement	START	1636604963318
USER	Users signin in and creating a new engagement	START	1636604963418
REQUEST		Sign In	1636604961821	1636604963492	OK	 
REQUEST		Create New Engagement	1636604962732	1636604963493	OK	 
USER	Users signin in and creating a new engagement	END	1636604963498
USER	Users signin in and creating a new engagement	START	1636604963518
USER	Users signin in and creating a new engagement	START	1636604963623
USER	Users signin in and creating a new engagement	START	1636604963717
REQUEST		Sign In	1636604960833	1636604963759	OK	 
REQUEST		Create New Engagement	1636604963263	1636604963762	OK	 
USER	Users signin in and creating a new engagement	END	1636604963764
REQUEST		Create New Engagement	1636604961893	1636604963767	OK	 
REQUEST		Sign In	1636604962222	1636604963767	OK	 
USER	Users signin in and creating a new engagement	END	1636604963772
REQUEST		Create New Engagement	1636604963260	1636604963774	OK	 
REQUEST		Create New Engagement	1636604963498	1636604963774	OK	 
REQUEST		Sign In	1636604962323	1636604963774	OK	 
USER	Users signin in and creating a new engagement	END	1636604963775
USER	Users signin in and creating a new engagement	END	1636604963776
REQUEST		Sign In	1636604961534	1636604963781	OK	 
REQUEST		Create New Engagement	1636604963263	1636604963781	OK	 
USER	Users signin in and creating a new engagement	END	1636604963784
USER	Users signin in and creating a new engagement	START	1636604963820
USER	Users signin in and creating a new engagement	START	1636604963918
USER	Users signin in and creating a new engagement	START	1636604964019
USER	Users signin in and creating a new engagement	START	1636604964118
USER	Users signin in and creating a new engagement	START	1636604964220
USER	Users signin in and creating a new engagement	START	1636604964320
REQUEST		Create New Engagement	1636604963782	1636604964334	OK	 
USER	Users signin in and creating a new engagement	END	1636604964340
USER	Users signin in and creating a new engagement	START	1636604964419
REQUEST		Sign In	1636604960334	1636604964518	OK	 
USER	Users signin in and creating a new engagement	START	1636604964520
REQUEST		Sign In	1636604961248	1636604964526	OK	 
REQUEST		Sign In	1636604963124	1636604964560	OK	 
REQUEST		Create New Engagement	1636604963775	1636604964568	OK	 
USER	Users signin in and creating a new engagement	END	1636604964571
REQUEST		Sign In	1636604962521	1636604964577	OK	 
USER	Users signin in and creating a new engagement	START	1636604964620
USER	Users signin in and creating a new engagement	START	1636604964715
REQUEST		Sign In	1636604961921	1636604964768	OK	 
REQUEST		Sign In	1636604961717	1636604964771	OK	 
REQUEST		Create New Engagement	1636604962466	1636604964780	OK	 
USER	Users signin in and creating a new engagement	END	1636604964783
USER	Users signin in and creating a new engagement	START	1636604964816
REQUEST		Create New Engagement	1636604963772	1636604964823	OK	 
REQUEST		Sign In	1636604963320	1636604964823	OK	 
USER	Users signin in and creating a new engagement	END	1636604964824
USER	Users signin in and creating a new engagement	START	1636604964916
USER	Users signin in and creating a new engagement	START	1636604965018
REQUEST		Sign In	1636604961638	1636604965028	OK	 
REQUEST		Sign In	1636604963719	1636604965091	OK	 
REQUEST		Create New Engagement	1636604964522	1636604965098	OK	 
REQUEST		Create New Engagement	1636604964564	1636604965098	OK	 
USER	